<?xml version="1.0" encoding="UTF-8"?>
<!-- Generated by org.testng.reporters.JUnitXMLReporter -->
<testsuite hostname="LMKT-LT-81" ignored="0" name="Default test" tests="3" failures="0" timestamp="13 Sep 2017 05:37:25 GMT" time="44.997" errors="0">
  <testcase name="NewUserRegistration" time="10.072" classname="com.Stella.Assignment.ValidatorClass2"/>
  <testcase name="SignInValidator" time="10.242" classname="com.Stella.Assignment.ValidatorClass2"/>
  <testcase name="FlightSearchingAndBooking" time="16.784" classname="com.Stella.Assignment.ValidatorClass2"/>
</testsuite> <!-- Default test -->
